{"__type":"$$EventMessageAudit","id":"11efd767-b46f-4b47-8840-a3cf34c2938e","ts":"2025-04-07T20:09:45.288-04:00","eventName":"n8n.audit.user.login.success","message":"n8n.audit.user.login.success","payload":{"userId":"04b84be6-8f4b-4ad7-8d56-cd41e5aa5a87","_email":"guillermo.carames@fleetsgo.com","_firstName":"Guillermo","_lastName":"Carames","globalRole":"global:owner","authenticationMethod":"email"}}
{"__type":"$$EventMessageConfirm","confirm":"11efd767-b46f-4b47-8840-a3cf34c2938e","ts":"2025-04-07T20:09:45.296-04:00","source":{"id":"0","name":"eventBus"}}
{"__type":"$$EventMessageAudit","id":"394fde4c-3c11-47d9-a87c-f8b6b2d25c7c","ts":"2025-04-07T20:13:27.440-04:00","eventName":"n8n.audit.workflow.updated","message":"n8n.audit.workflow.updated","payload":{"userId":"04b84be6-8f4b-4ad7-8d56-cd41e5aa5a87","_email":"guillermo.carames@fleetsgo.com","_firstName":"Guillermo","_lastName":"Carames","globalRole":"global:owner","workflowId":"XDSnS0FnkfJQiaOI","workflowName":"Web | Appsheet - Scratch monthly inflation index"}}
{"__type":"$$EventMessageConfirm","confirm":"394fde4c-3c11-47d9-a87c-f8b6b2d25c7c","ts":"2025-04-07T20:13:27.440-04:00","source":{"id":"0","name":"eventBus"}}
{"__type":"$$EventMessageWorkflow","id":"fa026f4b-111e-4a08-9eac-7962701fa0f2","ts":"2025-04-07T20:13:29.252-04:00","eventName":"n8n.workflow.started","message":"n8n.workflow.started","payload":{"executionId":"29","workflowId":"XDSnS0FnkfJQiaOI","isManual":false,"workflowName":"Web | Appsheet - Scratch monthly inflation index"}}
{"__type":"$$EventMessageConfirm","confirm":"fa026f4b-111e-4a08-9eac-7962701fa0f2","ts":"2025-04-07T20:13:29.252-04:00","source":{"id":"0","name":"eventBus"}}
{"__type":"$$EventMessageNode","id":"847c263e-37d6-45b1-b936-caadf118a764","ts":"2025-04-07T20:13:29.256-04:00","eventName":"n8n.node.started","message":"n8n.node.started","payload":{"workflowId":"XDSnS0FnkfJQiaOI","workflowName":"Web | Appsheet - Scratch monthly inflation index","executionId":"29","nodeType":"n8n-nodes-base.scheduleTrigger","nodeName":"Schedule Trigger"}}
{"__type":"$$EventMessageConfirm","confirm":"847c263e-37d6-45b1-b936-caadf118a764","ts":"2025-04-07T20:13:29.256-04:00","source":{"id":"0","name":"eventBus"}}
{"__type":"$$EventMessageNode","id":"c65ca7a4-981c-47e2-ac8e-49979fbfa6f3","ts":"2025-04-07T20:13:29.298-04:00","eventName":"n8n.node.finished","message":"n8n.node.finished","payload":{"workflowId":"XDSnS0FnkfJQiaOI","workflowName":"Web | Appsheet - Scratch monthly inflation index","executionId":"29","nodeType":"n8n-nodes-base.scheduleTrigger","nodeName":"Schedule Trigger"}}
{"__type":"$$EventMessageConfirm","confirm":"c65ca7a4-981c-47e2-ac8e-49979fbfa6f3","ts":"2025-04-07T20:13:29.299-04:00","source":{"id":"0","name":"eventBus"}}
{"__type":"$$EventMessageNode","id":"41deb382-2775-42bc-b1f5-3210b3a9458d","ts":"2025-04-07T20:13:29.300-04:00","eventName":"n8n.node.started","message":"n8n.node.started","payload":{"workflowId":"XDSnS0FnkfJQiaOI","workflowName":"Web | Appsheet - Scratch monthly inflation index","executionId":"29","nodeType":"n8n-nodes-base.httpRequest","nodeName":"HTTP Request"}}
{"__type":"$$EventMessageConfirm","confirm":"41deb382-2775-42bc-b1f5-3210b3a9458d","ts":"2025-04-07T20:13:29.300-04:00","source":{"id":"0","name":"eventBus"}}
{"__type":"$$EventMessageNode","id":"df93da79-8f3f-447f-8f19-170b98d28d4d","ts":"2025-04-07T20:13:30.212-04:00","eventName":"n8n.node.finished","message":"n8n.node.finished","payload":{"workflowId":"XDSnS0FnkfJQiaOI","workflowName":"Web | Appsheet - Scratch monthly inflation index","executionId":"29","nodeType":"n8n-nodes-base.httpRequest","nodeName":"HTTP Request"}}
{"__type":"$$EventMessageConfirm","confirm":"df93da79-8f3f-447f-8f19-170b98d28d4d","ts":"2025-04-07T20:13:30.212-04:00","source":{"id":"0","name":"eventBus"}}
{"__type":"$$EventMessageNode","id":"42d42803-bc5d-4fca-b61d-a02924ac86ac","ts":"2025-04-07T20:13:30.213-04:00","eventName":"n8n.node.started","message":"n8n.node.started","payload":{"workflowId":"XDSnS0FnkfJQiaOI","workflowName":"Web | Appsheet - Scratch monthly inflation index","executionId":"29","nodeType":"n8n-nodes-base.code","nodeName":"Code"}}
{"__type":"$$EventMessageConfirm","confirm":"42d42803-bc5d-4fca-b61d-a02924ac86ac","ts":"2025-04-07T20:13:30.214-04:00","source":{"id":"0","name":"eventBus"}}
{"__type":"$$EventMessageNode","id":"186fde23-135a-4452-98a2-5f70088db3cf","ts":"2025-04-07T20:13:30.576-04:00","eventName":"n8n.node.finished","message":"n8n.node.finished","payload":{"workflowId":"XDSnS0FnkfJQiaOI","workflowName":"Web | Appsheet - Scratch monthly inflation index","executionId":"29","nodeType":"n8n-nodes-base.code","nodeName":"Code"}}
{"__type":"$$EventMessageConfirm","confirm":"186fde23-135a-4452-98a2-5f70088db3cf","ts":"2025-04-07T20:13:30.576-04:00","source":{"id":"0","name":"eventBus"}}
{"__type":"$$EventMessageWorkflow","id":"23f14196-e4a9-447e-9be0-196f522f905c","ts":"2025-04-07T20:13:30.583-04:00","eventName":"n8n.workflow.success","message":"n8n.workflow.success","payload":{"executionId":"29","userId":"04b84be6-8f4b-4ad7-8d56-cd41e5aa5a87","success":true,"isManual":true,"workflowId":"XDSnS0FnkfJQiaOI","workflowName":"Web | Appsheet - Scratch monthly inflation index"}}
{"__type":"$$EventMessageConfirm","confirm":"23f14196-e4a9-447e-9be0-196f522f905c","ts":"2025-04-07T20:13:30.583-04:00","source":{"id":"0","name":"eventBus"}}
{"__type":"$$EventMessageAudit","id":"deab6870-f6e6-4158-b6fa-cb391ad97213","ts":"2025-04-07T20:16:26.312-04:00","eventName":"n8n.audit.workflow.updated","message":"n8n.audit.workflow.updated","payload":{"userId":"04b84be6-8f4b-4ad7-8d56-cd41e5aa5a87","_email":"guillermo.carames@fleetsgo.com","_firstName":"Guillermo","_lastName":"Carames","globalRole":"global:owner","workflowId":"XDSnS0FnkfJQiaOI","workflowName":"Web | Appsheet - Scratch monthly inflation index"}}
{"__type":"$$EventMessageConfirm","confirm":"deab6870-f6e6-4158-b6fa-cb391ad97213","ts":"2025-04-07T20:16:26.312-04:00","source":{"id":"0","name":"eventBus"}}
{"__type":"$$EventMessageWorkflow","id":"8fc2f341-f6a8-4a6f-a43e-c8fa3c5762a6","ts":"2025-04-07T20:16:28.467-04:00","eventName":"n8n.workflow.started","message":"n8n.workflow.started","payload":{"executionId":"30","workflowId":"XDSnS0FnkfJQiaOI","isManual":false,"workflowName":"Web | Appsheet - Scratch monthly inflation index"}}
{"__type":"$$EventMessageConfirm","confirm":"8fc2f341-f6a8-4a6f-a43e-c8fa3c5762a6","ts":"2025-04-07T20:16:28.467-04:00","source":{"id":"0","name":"eventBus"}}
{"__type":"$$EventMessageNode","id":"3b3247a2-3b57-4c0a-9720-985ebe20034f","ts":"2025-04-07T20:16:28.468-04:00","eventName":"n8n.node.started","message":"n8n.node.started","payload":{"workflowId":"XDSnS0FnkfJQiaOI","workflowName":"Web | Appsheet - Scratch monthly inflation index","executionId":"30","nodeType":"n8n-nodes-base.scheduleTrigger","nodeName":"Schedule Trigger"}}
{"__type":"$$EventMessageConfirm","confirm":"3b3247a2-3b57-4c0a-9720-985ebe20034f","ts":"2025-04-07T20:16:28.468-04:00","source":{"id":"0","name":"eventBus"}}
{"__type":"$$EventMessageNode","id":"85658903-bd8d-4903-9583-e54a61791a30","ts":"2025-04-07T20:16:28.471-04:00","eventName":"n8n.node.finished","message":"n8n.node.finished","payload":{"workflowId":"XDSnS0FnkfJQiaOI","workflowName":"Web | Appsheet - Scratch monthly inflation index","executionId":"30","nodeType":"n8n-nodes-base.scheduleTrigger","nodeName":"Schedule Trigger"}}
{"__type":"$$EventMessageConfirm","confirm":"85658903-bd8d-4903-9583-e54a61791a30","ts":"2025-04-07T20:16:28.472-04:00","source":{"id":"0","name":"eventBus"}}
{"__type":"$$EventMessageNode","id":"0ff029b9-65d3-4053-a44e-bb87fa472958","ts":"2025-04-07T20:16:28.473-04:00","eventName":"n8n.node.started","message":"n8n.node.started","payload":{"workflowId":"XDSnS0FnkfJQiaOI","workflowName":"Web | Appsheet - Scratch monthly inflation index","executionId":"30","nodeType":"n8n-nodes-base.httpRequest","nodeName":"HTTP Request"}}
{"__type":"$$EventMessageConfirm","confirm":"0ff029b9-65d3-4053-a44e-bb87fa472958","ts":"2025-04-07T20:16:28.473-04:00","source":{"id":"0","name":"eventBus"}}
{"__type":"$$EventMessageNode","id":"514b182c-91d9-4cf4-9bb7-58b704e378af","ts":"2025-04-07T20:16:29.109-04:00","eventName":"n8n.node.finished","message":"n8n.node.finished","payload":{"workflowId":"XDSnS0FnkfJQiaOI","workflowName":"Web | Appsheet - Scratch monthly inflation index","executionId":"30","nodeType":"n8n-nodes-base.httpRequest","nodeName":"HTTP Request"}}
{"__type":"$$EventMessageConfirm","confirm":"514b182c-91d9-4cf4-9bb7-58b704e378af","ts":"2025-04-07T20:16:29.109-04:00","source":{"id":"0","name":"eventBus"}}
{"__type":"$$EventMessageNode","id":"0e931087-1699-489a-aa58-f98481fb143e","ts":"2025-04-07T20:16:29.111-04:00","eventName":"n8n.node.started","message":"n8n.node.started","payload":{"workflowId":"XDSnS0FnkfJQiaOI","workflowName":"Web | Appsheet - Scratch monthly inflation index","executionId":"30","nodeType":"n8n-nodes-base.code","nodeName":"Code"}}
{"__type":"$$EventMessageConfirm","confirm":"0e931087-1699-489a-aa58-f98481fb143e","ts":"2025-04-07T20:16:29.111-04:00","source":{"id":"0","name":"eventBus"}}
{"__type":"$$EventMessageNode","id":"11fe56e0-469d-4639-b957-5d51cc24a260","ts":"2025-04-07T20:16:29.140-04:00","eventName":"n8n.node.finished","message":"n8n.node.finished","payload":{"workflowId":"XDSnS0FnkfJQiaOI","workflowName":"Web | Appsheet - Scratch monthly inflation index","executionId":"30","nodeType":"n8n-nodes-base.code","nodeName":"Code"}}
{"__type":"$$EventMessageConfirm","confirm":"11fe56e0-469d-4639-b957-5d51cc24a260","ts":"2025-04-07T20:16:29.140-04:00","source":{"id":"0","name":"eventBus"}}
{"__type":"$$EventMessageWorkflow","id":"4c26cf26-3e6c-4ee6-a59d-49e8c724a906","ts":"2025-04-07T20:16:29.144-04:00","eventName":"n8n.workflow.failed","message":"n8n.workflow.failed","payload":{"executionId":"30","userId":"04b84be6-8f4b-4ad7-8d56-cd41e5aa5a87","success":false,"isManual":true,"workflowId":"XDSnS0FnkfJQiaOI","workflowName":"Web | Appsheet - Scratch monthly inflation index","lastNodeExecuted":"Code","errorMessage":"cheerio.load() expects a string"}}
{"__type":"$$EventMessageConfirm","confirm":"4c26cf26-3e6c-4ee6-a59d-49e8c724a906","ts":"2025-04-07T20:16:29.144-04:00","source":{"id":"0","name":"eventBus"}}
{"__type":"$$EventMessageAudit","id":"3fc51526-6884-49fb-a68b-45521c728b8f","ts":"2025-04-07T20:21:26.604-04:00","eventName":"n8n.audit.workflow.updated","message":"n8n.audit.workflow.updated","payload":{"userId":"04b84be6-8f4b-4ad7-8d56-cd41e5aa5a87","_email":"guillermo.carames@fleetsgo.com","_firstName":"Guillermo","_lastName":"Carames","globalRole":"global:owner","workflowId":"XDSnS0FnkfJQiaOI","workflowName":"Web | Appsheet - Scratch monthly inflation index"}}
{"__type":"$$EventMessageConfirm","confirm":"3fc51526-6884-49fb-a68b-45521c728b8f","ts":"2025-04-07T20:21:26.606-04:00","source":{"id":"0","name":"eventBus"}}
{"__type":"$$EventMessageWorkflow","id":"53f1c3a3-dadd-4050-a1ee-725b207a0b9f","ts":"2025-04-07T20:21:30.443-04:00","eventName":"n8n.workflow.started","message":"n8n.workflow.started","payload":{"executionId":"31","workflowId":"XDSnS0FnkfJQiaOI","isManual":false,"workflowName":"Web | Appsheet - Scratch monthly inflation index"}}
{"__type":"$$EventMessageConfirm","confirm":"53f1c3a3-dadd-4050-a1ee-725b207a0b9f","ts":"2025-04-07T20:21:30.443-04:00","source":{"id":"0","name":"eventBus"}}
{"__type":"$$EventMessageNode","id":"a2090a6c-208e-49c9-88b3-eb700e8db340","ts":"2025-04-07T20:21:30.445-04:00","eventName":"n8n.node.started","message":"n8n.node.started","payload":{"workflowId":"XDSnS0FnkfJQiaOI","workflowName":"Web | Appsheet - Scratch monthly inflation index","executionId":"31","nodeType":"n8n-nodes-base.scheduleTrigger","nodeName":"Schedule Trigger"}}
{"__type":"$$EventMessageConfirm","confirm":"a2090a6c-208e-49c9-88b3-eb700e8db340","ts":"2025-04-07T20:21:30.445-04:00","source":{"id":"0","name":"eventBus"}}
{"__type":"$$EventMessageNode","id":"700446a4-200a-4391-8127-f740d76b153b","ts":"2025-04-07T20:21:30.448-04:00","eventName":"n8n.node.finished","message":"n8n.node.finished","payload":{"workflowId":"XDSnS0FnkfJQiaOI","workflowName":"Web | Appsheet - Scratch monthly inflation index","executionId":"31","nodeType":"n8n-nodes-base.scheduleTrigger","nodeName":"Schedule Trigger"}}
{"__type":"$$EventMessageConfirm","confirm":"700446a4-200a-4391-8127-f740d76b153b","ts":"2025-04-07T20:21:30.449-04:00","source":{"id":"0","name":"eventBus"}}
{"__type":"$$EventMessageNode","id":"d7359f9a-8dcf-47dc-90cf-f17e797631c4","ts":"2025-04-07T20:21:30.449-04:00","eventName":"n8n.node.started","message":"n8n.node.started","payload":{"workflowId":"XDSnS0FnkfJQiaOI","workflowName":"Web | Appsheet - Scratch monthly inflation index","executionId":"31","nodeType":"n8n-nodes-base.httpRequest","nodeName":"HTTP Request"}}
{"__type":"$$EventMessageConfirm","confirm":"d7359f9a-8dcf-47dc-90cf-f17e797631c4","ts":"2025-04-07T20:21:30.449-04:00","source":{"id":"0","name":"eventBus"}}
{"__type":"$$EventMessageNode","id":"3705c318-4b52-4623-b8a3-87eec8ac73f0","ts":"2025-04-07T20:21:31.107-04:00","eventName":"n8n.node.finished","message":"n8n.node.finished","payload":{"workflowId":"XDSnS0FnkfJQiaOI","workflowName":"Web | Appsheet - Scratch monthly inflation index","executionId":"31","nodeType":"n8n-nodes-base.httpRequest","nodeName":"HTTP Request"}}
{"__type":"$$EventMessageConfirm","confirm":"3705c318-4b52-4623-b8a3-87eec8ac73f0","ts":"2025-04-07T20:21:31.107-04:00","source":{"id":"0","name":"eventBus"}}
{"__type":"$$EventMessageNode","id":"b925eb9a-036d-44fc-b25f-e63a0dd09490","ts":"2025-04-07T20:21:31.109-04:00","eventName":"n8n.node.started","message":"n8n.node.started","payload":{"workflowId":"XDSnS0FnkfJQiaOI","workflowName":"Web | Appsheet - Scratch monthly inflation index","executionId":"31","nodeType":"n8n-nodes-base.code","nodeName":"Code"}}
{"__type":"$$EventMessageConfirm","confirm":"b925eb9a-036d-44fc-b25f-e63a0dd09490","ts":"2025-04-07T20:21:31.109-04:00","source":{"id":"0","name":"eventBus"}}
{"__type":"$$EventMessageNode","id":"a97fbd0d-d1f6-4134-a7fb-1ea18e9c7b85","ts":"2025-04-07T20:21:31.241-04:00","eventName":"n8n.node.finished","message":"n8n.node.finished","payload":{"workflowId":"XDSnS0FnkfJQiaOI","workflowName":"Web | Appsheet - Scratch monthly inflation index","executionId":"31","nodeType":"n8n-nodes-base.code","nodeName":"Code"}}
{"__type":"$$EventMessageConfirm","confirm":"a97fbd0d-d1f6-4134-a7fb-1ea18e9c7b85","ts":"2025-04-07T20:21:31.241-04:00","source":{"id":"0","name":"eventBus"}}
{"__type":"$$EventMessageWorkflow","id":"2ed223b6-648c-4ccb-a32b-4f938b376abb","ts":"2025-04-07T20:21:31.245-04:00","eventName":"n8n.workflow.success","message":"n8n.workflow.success","payload":{"executionId":"31","userId":"04b84be6-8f4b-4ad7-8d56-cd41e5aa5a87","success":true,"isManual":true,"workflowId":"XDSnS0FnkfJQiaOI","workflowName":"Web | Appsheet - Scratch monthly inflation index"}}
{"__type":"$$EventMessageConfirm","confirm":"2ed223b6-648c-4ccb-a32b-4f938b376abb","ts":"2025-04-07T20:21:31.245-04:00","source":{"id":"0","name":"eventBus"}}
{"__type":"$$EventMessageAudit","id":"5979fb25-598a-4b38-ab2b-f765411a91f7","ts":"2025-04-07T20:27:33.769-04:00","eventName":"n8n.audit.workflow.updated","message":"n8n.audit.workflow.updated","payload":{"userId":"04b84be6-8f4b-4ad7-8d56-cd41e5aa5a87","_email":"guillermo.carames@fleetsgo.com","_firstName":"Guillermo","_lastName":"Carames","globalRole":"global:owner","workflowId":"XDSnS0FnkfJQiaOI","workflowName":"Web | Appsheet - Scratch monthly inflation index"}}
{"__type":"$$EventMessageConfirm","confirm":"5979fb25-598a-4b38-ab2b-f765411a91f7","ts":"2025-04-07T20:27:33.770-04:00","source":{"id":"0","name":"eventBus"}}
{"__type":"$$EventMessageWorkflow","id":"7229a9a2-b728-4bfc-a2b7-5942862e784a","ts":"2025-04-07T20:27:39.257-04:00","eventName":"n8n.workflow.started","message":"n8n.workflow.started","payload":{"executionId":"32","workflowId":"XDSnS0FnkfJQiaOI","isManual":false,"workflowName":"Web | Appsheet - Scratch monthly inflation index"}}
{"__type":"$$EventMessageConfirm","confirm":"7229a9a2-b728-4bfc-a2b7-5942862e784a","ts":"2025-04-07T20:27:39.257-04:00","source":{"id":"0","name":"eventBus"}}
{"__type":"$$EventMessageNode","id":"0b73e76e-66c4-4ff2-985a-bca1f90adb29","ts":"2025-04-07T20:27:39.259-04:00","eventName":"n8n.node.started","message":"n8n.node.started","payload":{"workflowId":"XDSnS0FnkfJQiaOI","workflowName":"Web | Appsheet - Scratch monthly inflation index","executionId":"32","nodeType":"n8n-nodes-base.code","nodeName":"Code"}}
{"__type":"$$EventMessageConfirm","confirm":"0b73e76e-66c4-4ff2-985a-bca1f90adb29","ts":"2025-04-07T20:27:39.259-04:00","source":{"id":"0","name":"eventBus"}}
{"__type":"$$EventMessageNode","id":"a8fe60c1-0844-4950-b904-b55af6507682","ts":"2025-04-07T20:27:39.334-04:00","eventName":"n8n.node.finished","message":"n8n.node.finished","payload":{"workflowId":"XDSnS0FnkfJQiaOI","workflowName":"Web | Appsheet - Scratch monthly inflation index","executionId":"32","nodeType":"n8n-nodes-base.code","nodeName":"Code"}}
{"__type":"$$EventMessageConfirm","confirm":"a8fe60c1-0844-4950-b904-b55af6507682","ts":"2025-04-07T20:27:39.334-04:00","source":{"id":"0","name":"eventBus"}}
{"__type":"$$EventMessageWorkflow","id":"25d2aa8f-f57d-40db-a8b6-e2e1e422debb","ts":"2025-04-07T20:27:39.337-04:00","eventName":"n8n.workflow.failed","message":"n8n.workflow.failed","payload":{"executionId":"32","userId":"04b84be6-8f4b-4ad7-8d56-cd41e5aa5a87","success":false,"isManual":true,"workflowId":"XDSnS0FnkfJQiaOI","workflowName":"Web | Appsheet - Scratch monthly inflation index","lastNodeExecuted":"Code","errorMessage":"Cannot read properties of undefined (reading 'text') [line 10]"}}
{"__type":"$$EventMessageConfirm","confirm":"25d2aa8f-f57d-40db-a8b6-e2e1e422debb","ts":"2025-04-07T20:27:39.337-04:00","source":{"id":"0","name":"eventBus"}}
{"__type":"$$EventMessageAudit","id":"02916142-983e-4ded-939b-ef6e824be897","ts":"2025-04-07T20:31:06.984-04:00","eventName":"n8n.audit.workflow.updated","message":"n8n.audit.workflow.updated","payload":{"userId":"04b84be6-8f4b-4ad7-8d56-cd41e5aa5a87","_email":"guillermo.carames@fleetsgo.com","_firstName":"Guillermo","_lastName":"Carames","globalRole":"global:owner","workflowId":"XDSnS0FnkfJQiaOI","workflowName":"Web | Appsheet - Scratch monthly inflation index"}}
{"__type":"$$EventMessageConfirm","confirm":"02916142-983e-4ded-939b-ef6e824be897","ts":"2025-04-07T20:31:06.985-04:00","source":{"id":"0","name":"eventBus"}}
{"__type":"$$EventMessageWorkflow","id":"e499ead8-271b-4f26-a080-91453146f47a","ts":"2025-04-07T20:31:10.996-04:00","eventName":"n8n.workflow.started","message":"n8n.workflow.started","payload":{"executionId":"33","workflowId":"XDSnS0FnkfJQiaOI","isManual":false,"workflowName":"Web | Appsheet - Scratch monthly inflation index"}}
{"__type":"$$EventMessageConfirm","confirm":"e499ead8-271b-4f26-a080-91453146f47a","ts":"2025-04-07T20:31:10.997-04:00","source":{"id":"0","name":"eventBus"}}
{"__type":"$$EventMessageNode","id":"17ec3731-c893-4839-8245-eeaa19b8cd3a","ts":"2025-04-07T20:31:10.998-04:00","eventName":"n8n.node.started","message":"n8n.node.started","payload":{"workflowId":"XDSnS0FnkfJQiaOI","workflowName":"Web | Appsheet - Scratch monthly inflation index","executionId":"33","nodeType":"n8n-nodes-base.code","nodeName":"Code"}}
{"__type":"$$EventMessageConfirm","confirm":"17ec3731-c893-4839-8245-eeaa19b8cd3a","ts":"2025-04-07T20:31:10.999-04:00","source":{"id":"0","name":"eventBus"}}
{"__type":"$$EventMessageNode","id":"d280ffa1-555e-4c32-bb87-c03cefa70ef1","ts":"2025-04-07T20:31:11.060-04:00","eventName":"n8n.node.finished","message":"n8n.node.finished","payload":{"workflowId":"XDSnS0FnkfJQiaOI","workflowName":"Web | Appsheet - Scratch monthly inflation index","executionId":"33","nodeType":"n8n-nodes-base.code","nodeName":"Code"}}
{"__type":"$$EventMessageConfirm","confirm":"d280ffa1-555e-4c32-bb87-c03cefa70ef1","ts":"2025-04-07T20:31:11.060-04:00","source":{"id":"0","name":"eventBus"}}
{"__type":"$$EventMessageWorkflow","id":"0e516ea3-79a7-41d5-85d7-ee84983f3d6c","ts":"2025-04-07T20:31:11.063-04:00","eventName":"n8n.workflow.failed","message":"n8n.workflow.failed","payload":{"executionId":"33","userId":"04b84be6-8f4b-4ad7-8d56-cd41e5aa5a87","success":false,"isManual":true,"workflowId":"XDSnS0FnkfJQiaOI","workflowName":"Web | Appsheet - Scratch monthly inflation index","lastNodeExecuted":"Code","errorMessage":"Cannot read properties of undefined (reading 'text') [line 10]"}}
{"__type":"$$EventMessageConfirm","confirm":"0e516ea3-79a7-41d5-85d7-ee84983f3d6c","ts":"2025-04-07T20:31:11.063-04:00","source":{"id":"0","name":"eventBus"}}
{"__type":"$$EventMessageWorkflow","id":"e8df2dd5-e65a-4f87-b2ae-a0dd50824994","ts":"2025-04-08T05:39:42.043-04:00","eventName":"n8n.workflow.started","message":"n8n.workflow.started","payload":{"executionId":"34","workflowId":"XDSnS0FnkfJQiaOI","isManual":false,"workflowName":"Web | Appsheet - Scratch monthly inflation index"}}
{"__type":"$$EventMessageConfirm","confirm":"e8df2dd5-e65a-4f87-b2ae-a0dd50824994","ts":"2025-04-08T05:39:42.071-04:00","source":{"id":"0","name":"eventBus"}}
{"__type":"$$EventMessageNode","id":"75fc9794-6cfa-41e5-9256-00505952b05f","ts":"2025-04-08T05:39:42.074-04:00","eventName":"n8n.node.started","message":"n8n.node.started","payload":{"workflowId":"XDSnS0FnkfJQiaOI","workflowName":"Web | Appsheet - Scratch monthly inflation index","executionId":"34","nodeType":"n8n-nodes-base.httpRequest","nodeName":"HTTP Request"}}
{"__type":"$$EventMessageConfirm","confirm":"75fc9794-6cfa-41e5-9256-00505952b05f","ts":"2025-04-08T05:39:42.075-04:00","source":{"id":"0","name":"eventBus"}}
{"__type":"$$EventMessageNode","id":"b0b8fd89-f376-4203-bff6-f7ab5585149a","ts":"2025-04-08T05:39:44.658-04:00","eventName":"n8n.node.finished","message":"n8n.node.finished","payload":{"workflowId":"XDSnS0FnkfJQiaOI","workflowName":"Web | Appsheet - Scratch monthly inflation index","executionId":"34","nodeType":"n8n-nodes-base.httpRequest","nodeName":"HTTP Request"}}
{"__type":"$$EventMessageConfirm","confirm":"b0b8fd89-f376-4203-bff6-f7ab5585149a","ts":"2025-04-08T05:39:44.659-04:00","source":{"id":"0","name":"eventBus"}}
{"__type":"$$EventMessageWorkflow","id":"f472ffd0-86af-4af3-9e7b-f434cb2e899f","ts":"2025-04-08T05:39:44.667-04:00","eventName":"n8n.workflow.success","message":"n8n.workflow.success","payload":{"executionId":"34","userId":"04b84be6-8f4b-4ad7-8d56-cd41e5aa5a87","success":true,"isManual":true,"workflowId":"XDSnS0FnkfJQiaOI","workflowName":"Web | Appsheet - Scratch monthly inflation index"}}
{"__type":"$$EventMessageConfirm","confirm":"f472ffd0-86af-4af3-9e7b-f434cb2e899f","ts":"2025-04-08T05:39:44.667-04:00","source":{"id":"0","name":"eventBus"}}
{"__type":"$$EventMessageWorkflow","id":"1359f3d0-bb9b-4725-bb5f-900ac9a07c6b","ts":"2025-04-08T05:41:50.394-04:00","eventName":"n8n.workflow.started","message":"n8n.workflow.started","payload":{"executionId":"35","workflowId":"XDSnS0FnkfJQiaOI","isManual":false,"workflowName":"Web | Appsheet - Scratch monthly inflation index"}}
{"__type":"$$EventMessageConfirm","confirm":"1359f3d0-bb9b-4725-bb5f-900ac9a07c6b","ts":"2025-04-08T05:41:50.394-04:00","source":{"id":"0","name":"eventBus"}}
{"__type":"$$EventMessageNode","id":"0c500ca9-c529-4d79-bd72-770f17cbb1b6","ts":"2025-04-08T05:41:50.395-04:00","eventName":"n8n.node.started","message":"n8n.node.started","payload":{"workflowId":"XDSnS0FnkfJQiaOI","workflowName":"Web | Appsheet - Scratch monthly inflation index","executionId":"35","nodeType":"n8n-nodes-base.httpRequest","nodeName":"HTTP Request"}}
{"__type":"$$EventMessageConfirm","confirm":"0c500ca9-c529-4d79-bd72-770f17cbb1b6","ts":"2025-04-08T05:41:50.396-04:00","source":{"id":"0","name":"eventBus"}}
{"__type":"$$EventMessageNode","id":"a9d69058-2da7-404c-9f67-0c2037c41446","ts":"2025-04-08T05:41:51.636-04:00","eventName":"n8n.node.finished","message":"n8n.node.finished","payload":{"workflowId":"XDSnS0FnkfJQiaOI","workflowName":"Web | Appsheet - Scratch monthly inflation index","executionId":"35","nodeType":"n8n-nodes-base.httpRequest","nodeName":"HTTP Request"}}
{"__type":"$$EventMessageConfirm","confirm":"a9d69058-2da7-404c-9f67-0c2037c41446","ts":"2025-04-08T05:41:51.637-04:00","source":{"id":"0","name":"eventBus"}}
{"__type":"$$EventMessageWorkflow","id":"4548d3a6-0d56-4a93-ac37-45e8a8be53ba","ts":"2025-04-08T05:41:51.670-04:00","eventName":"n8n.workflow.success","message":"n8n.workflow.success","payload":{"executionId":"35","userId":"04b84be6-8f4b-4ad7-8d56-cd41e5aa5a87","success":true,"isManual":true,"workflowId":"XDSnS0FnkfJQiaOI","workflowName":"Web | Appsheet - Scratch monthly inflation index"}}
{"__type":"$$EventMessageConfirm","confirm":"4548d3a6-0d56-4a93-ac37-45e8a8be53ba","ts":"2025-04-08T05:41:51.670-04:00","source":{"id":"0","name":"eventBus"}}
{"__type":"$$EventMessageAudit","id":"e4be94c3-82ab-4093-918d-97deadce028f","ts":"2025-04-08T05:53:01.206-04:00","eventName":"n8n.audit.workflow.updated","message":"n8n.audit.workflow.updated","payload":{"userId":"04b84be6-8f4b-4ad7-8d56-cd41e5aa5a87","_email":"guillermo.carames@fleetsgo.com","_firstName":"Guillermo","_lastName":"Carames","globalRole":"global:owner","workflowId":"XDSnS0FnkfJQiaOI","workflowName":"Web | Appsheet - Scratch monthly inflation index"}}
{"__type":"$$EventMessageConfirm","confirm":"e4be94c3-82ab-4093-918d-97deadce028f","ts":"2025-04-08T05:53:01.208-04:00","source":{"id":"0","name":"eventBus"}}
{"__type":"$$EventMessageWorkflow","id":"7a7580c0-79d1-4caa-8a11-738290f8ee3f","ts":"2025-04-08T05:53:22.807-04:00","eventName":"n8n.workflow.started","message":"n8n.workflow.started","payload":{"executionId":"36","workflowId":"XDSnS0FnkfJQiaOI","isManual":false,"workflowName":"Web | Appsheet - Scratch monthly inflation index"}}
{"__type":"$$EventMessageConfirm","confirm":"7a7580c0-79d1-4caa-8a11-738290f8ee3f","ts":"2025-04-08T05:53:22.807-04:00","source":{"id":"0","name":"eventBus"}}
{"__type":"$$EventMessageNode","id":"4be505bf-2ec5-42da-8c09-6707d805051c","ts":"2025-04-08T05:53:22.808-04:00","eventName":"n8n.node.started","message":"n8n.node.started","payload":{"workflowId":"XDSnS0FnkfJQiaOI","workflowName":"Web | Appsheet - Scratch monthly inflation index","executionId":"36","nodeType":"n8n-nodes-base.scheduleTrigger","nodeName":"Schedule Trigger"}}
{"__type":"$$EventMessageConfirm","confirm":"4be505bf-2ec5-42da-8c09-6707d805051c","ts":"2025-04-08T05:53:22.809-04:00","source":{"id":"0","name":"eventBus"}}
{"__type":"$$EventMessageNode","id":"4068c8b7-1c20-4730-8ab0-a20a7f76755e","ts":"2025-04-08T05:53:22.832-04:00","eventName":"n8n.node.finished","message":"n8n.node.finished","payload":{"workflowId":"XDSnS0FnkfJQiaOI","workflowName":"Web | Appsheet - Scratch monthly inflation index","executionId":"36","nodeType":"n8n-nodes-base.scheduleTrigger","nodeName":"Schedule Trigger"}}
{"__type":"$$EventMessageConfirm","confirm":"4068c8b7-1c20-4730-8ab0-a20a7f76755e","ts":"2025-04-08T05:53:22.832-04:00","source":{"id":"0","name":"eventBus"}}
{"__type":"$$EventMessageNode","id":"440247cd-1894-4641-88e0-2cf89845fc24","ts":"2025-04-08T05:53:22.833-04:00","eventName":"n8n.node.started","message":"n8n.node.started","payload":{"workflowId":"XDSnS0FnkfJQiaOI","workflowName":"Web | Appsheet - Scratch monthly inflation index","executionId":"36","nodeType":"n8n-nodes-base.httpRequest","nodeName":"HTTP Request"}}
{"__type":"$$EventMessageConfirm","confirm":"440247cd-1894-4641-88e0-2cf89845fc24","ts":"2025-04-08T05:53:22.833-04:00","source":{"id":"0","name":"eventBus"}}
{"__type":"$$EventMessageNode","id":"3b844fdd-e0e6-47df-93b0-38a3654db82d","ts":"2025-04-08T05:53:24.227-04:00","eventName":"n8n.node.finished","message":"n8n.node.finished","payload":{"workflowId":"XDSnS0FnkfJQiaOI","workflowName":"Web | Appsheet - Scratch monthly inflation index","executionId":"36","nodeType":"n8n-nodes-base.httpRequest","nodeName":"HTTP Request"}}
{"__type":"$$EventMessageConfirm","confirm":"3b844fdd-e0e6-47df-93b0-38a3654db82d","ts":"2025-04-08T05:53:24.227-04:00","source":{"id":"0","name":"eventBus"}}
{"__type":"$$EventMessageNode","id":"6f1fd72e-a169-47f0-b473-1cdaeec9c737","ts":"2025-04-08T05:53:24.261-04:00","eventName":"n8n.node.started","message":"n8n.node.started","payload":{"workflowId":"XDSnS0FnkfJQiaOI","workflowName":"Web | Appsheet - Scratch monthly inflation index","executionId":"36","nodeType":"n8n-nodes-base.code","nodeName":"Code"}}
{"__type":"$$EventMessageConfirm","confirm":"6f1fd72e-a169-47f0-b473-1cdaeec9c737","ts":"2025-04-08T05:53:24.262-04:00","source":{"id":"0","name":"eventBus"}}
{"__type":"$$EventMessageNode","id":"ffa8424d-798d-43a5-b6d1-981424f9d6c1","ts":"2025-04-08T05:53:25.774-04:00","eventName":"n8n.node.finished","message":"n8n.node.finished","payload":{"workflowId":"XDSnS0FnkfJQiaOI","workflowName":"Web | Appsheet - Scratch monthly inflation index","executionId":"36","nodeType":"n8n-nodes-base.code","nodeName":"Code"}}
{"__type":"$$EventMessageConfirm","confirm":"ffa8424d-798d-43a5-b6d1-981424f9d6c1","ts":"2025-04-08T05:53:25.774-04:00","source":{"id":"0","name":"eventBus"}}
{"__type":"$$EventMessageWorkflow","id":"6a9a93a1-eaa1-44bb-9477-8be24eff752b","ts":"2025-04-08T05:53:25.780-04:00","eventName":"n8n.workflow.success","message":"n8n.workflow.success","payload":{"executionId":"36","userId":"04b84be6-8f4b-4ad7-8d56-cd41e5aa5a87","success":true,"isManual":true,"workflowId":"XDSnS0FnkfJQiaOI","workflowName":"Web | Appsheet - Scratch monthly inflation index"}}
{"__type":"$$EventMessageConfirm","confirm":"6a9a93a1-eaa1-44bb-9477-8be24eff752b","ts":"2025-04-08T05:53:25.785-04:00","source":{"id":"0","name":"eventBus"}}
{"__type":"$$EventMessageAudit","id":"521390e5-a7f2-466e-887f-f6959189a99e","ts":"2025-04-08T05:57:41.319-04:00","eventName":"n8n.audit.workflow.updated","message":"n8n.audit.workflow.updated","payload":{"userId":"04b84be6-8f4b-4ad7-8d56-cd41e5aa5a87","_email":"guillermo.carames@fleetsgo.com","_firstName":"Guillermo","_lastName":"Carames","globalRole":"global:owner","workflowId":"XDSnS0FnkfJQiaOI","workflowName":"Web | Appsheet - Scratch monthly inflation index"}}
{"__type":"$$EventMessageConfirm","confirm":"521390e5-a7f2-466e-887f-f6959189a99e","ts":"2025-04-08T05:57:41.320-04:00","source":{"id":"0","name":"eventBus"}}
{"__type":"$$EventMessageWorkflow","id":"a97836fc-87a8-4494-9568-6cf107298f73","ts":"2025-04-08T05:57:45.436-04:00","eventName":"n8n.workflow.started","message":"n8n.workflow.started","payload":{"executionId":"37","workflowId":"XDSnS0FnkfJQiaOI","isManual":false,"workflowName":"Web | Appsheet - Scratch monthly inflation index"}}
{"__type":"$$EventMessageConfirm","confirm":"a97836fc-87a8-4494-9568-6cf107298f73","ts":"2025-04-08T05:57:45.437-04:00","source":{"id":"0","name":"eventBus"}}
{"__type":"$$EventMessageNode","id":"d9f8235e-ea70-4203-b378-8258faddcf63","ts":"2025-04-08T05:57:45.437-04:00","eventName":"n8n.node.started","message":"n8n.node.started","payload":{"workflowId":"XDSnS0FnkfJQiaOI","workflowName":"Web | Appsheet - Scratch monthly inflation index","executionId":"37","nodeType":"n8n-nodes-base.scheduleTrigger","nodeName":"Schedule Trigger"}}
{"__type":"$$EventMessageConfirm","confirm":"d9f8235e-ea70-4203-b378-8258faddcf63","ts":"2025-04-08T05:57:45.438-04:00","source":{"id":"0","name":"eventBus"}}
{"__type":"$$EventMessageNode","id":"7f28d3e5-77a3-4245-9c6c-20124de9ec2e","ts":"2025-04-08T05:57:45.440-04:00","eventName":"n8n.node.finished","message":"n8n.node.finished","payload":{"workflowId":"XDSnS0FnkfJQiaOI","workflowName":"Web | Appsheet - Scratch monthly inflation index","executionId":"37","nodeType":"n8n-nodes-base.scheduleTrigger","nodeName":"Schedule Trigger"}}
{"__type":"$$EventMessageConfirm","confirm":"7f28d3e5-77a3-4245-9c6c-20124de9ec2e","ts":"2025-04-08T05:57:45.440-04:00","source":{"id":"0","name":"eventBus"}}
{"__type":"$$EventMessageNode","id":"6fffdf95-762a-4870-8963-2bdf1c3b1edc","ts":"2025-04-08T05:57:45.441-04:00","eventName":"n8n.node.started","message":"n8n.node.started","payload":{"workflowId":"XDSnS0FnkfJQiaOI","workflowName":"Web | Appsheet - Scratch monthly inflation index","executionId":"37","nodeType":"n8n-nodes-base.httpRequest","nodeName":"HTTP Request"}}
{"__type":"$$EventMessageConfirm","confirm":"6fffdf95-762a-4870-8963-2bdf1c3b1edc","ts":"2025-04-08T05:57:45.441-04:00","source":{"id":"0","name":"eventBus"}}
{"__type":"$$EventMessageNode","id":"f6d41d4e-ba10-4328-b784-4c30cd3e1e16","ts":"2025-04-08T05:57:46.696-04:00","eventName":"n8n.node.finished","message":"n8n.node.finished","payload":{"workflowId":"XDSnS0FnkfJQiaOI","workflowName":"Web | Appsheet - Scratch monthly inflation index","executionId":"37","nodeType":"n8n-nodes-base.httpRequest","nodeName":"HTTP Request"}}
{"__type":"$$EventMessageConfirm","confirm":"f6d41d4e-ba10-4328-b784-4c30cd3e1e16","ts":"2025-04-08T05:57:46.696-04:00","source":{"id":"0","name":"eventBus"}}
{"__type":"$$EventMessageNode","id":"cf001dc3-0618-4056-8d80-6c78efddedea","ts":"2025-04-08T05:57:46.716-04:00","eventName":"n8n.node.started","message":"n8n.node.started","payload":{"workflowId":"XDSnS0FnkfJQiaOI","workflowName":"Web | Appsheet - Scratch monthly inflation index","executionId":"37","nodeType":"n8n-nodes-base.code","nodeName":"Code"}}
{"__type":"$$EventMessageConfirm","confirm":"cf001dc3-0618-4056-8d80-6c78efddedea","ts":"2025-04-08T05:57:46.716-04:00","source":{"id":"0","name":"eventBus"}}
{"__type":"$$EventMessageNode","id":"91959a96-003c-45c3-8a8e-69aa58dfd4a1","ts":"2025-04-08T05:57:47.794-04:00","eventName":"n8n.node.finished","message":"n8n.node.finished","payload":{"workflowId":"XDSnS0FnkfJQiaOI","workflowName":"Web | Appsheet - Scratch monthly inflation index","executionId":"37","nodeType":"n8n-nodes-base.code","nodeName":"Code"}}
{"__type":"$$EventMessageConfirm","confirm":"91959a96-003c-45c3-8a8e-69aa58dfd4a1","ts":"2025-04-08T05:57:47.795-04:00","source":{"id":"0","name":"eventBus"}}
{"__type":"$$EventMessageWorkflow","id":"ae1b62a5-19a6-4718-b871-a437e33330d8","ts":"2025-04-08T05:57:47.802-04:00","eventName":"n8n.workflow.success","message":"n8n.workflow.success","payload":{"executionId":"37","userId":"04b84be6-8f4b-4ad7-8d56-cd41e5aa5a87","success":true,"isManual":true,"workflowId":"XDSnS0FnkfJQiaOI","workflowName":"Web | Appsheet - Scratch monthly inflation index"}}
{"__type":"$$EventMessageConfirm","confirm":"ae1b62a5-19a6-4718-b871-a437e33330d8","ts":"2025-04-08T05:57:47.803-04:00","source":{"id":"0","name":"eventBus"}}
{"__type":"$$EventMessageAudit","id":"dbb04469-20a3-4f0a-917a-58c72716e407","ts":"2025-04-08T06:19:27.536-04:00","eventName":"n8n.audit.workflow.updated","message":"n8n.audit.workflow.updated","payload":{"userId":"04b84be6-8f4b-4ad7-8d56-cd41e5aa5a87","_email":"guillermo.carames@fleetsgo.com","_firstName":"Guillermo","_lastName":"Carames","globalRole":"global:owner","workflowId":"XDSnS0FnkfJQiaOI","workflowName":"Web | Appsheet - Scratch monthly inflation index"}}
{"__type":"$$EventMessageConfirm","confirm":"dbb04469-20a3-4f0a-917a-58c72716e407","ts":"2025-04-08T06:19:27.550-04:00","source":{"id":"0","name":"eventBus"}}
{"__type":"$$EventMessageWorkflow","id":"0b7378d2-8b05-4cd4-815f-8cbdbfcc8cb4","ts":"2025-04-08T06:19:31.952-04:00","eventName":"n8n.workflow.started","message":"n8n.workflow.started","payload":{"executionId":"38","workflowId":"XDSnS0FnkfJQiaOI","isManual":false,"workflowName":"Web | Appsheet - Scratch monthly inflation index"}}
{"__type":"$$EventMessageConfirm","confirm":"0b7378d2-8b05-4cd4-815f-8cbdbfcc8cb4","ts":"2025-04-08T06:19:31.952-04:00","source":{"id":"0","name":"eventBus"}}
{"__type":"$$EventMessageNode","id":"450d9e91-3cc0-44e8-8fd3-82f994b4b80a","ts":"2025-04-08T06:19:31.954-04:00","eventName":"n8n.node.started","message":"n8n.node.started","payload":{"workflowId":"XDSnS0FnkfJQiaOI","workflowName":"Web | Appsheet - Scratch monthly inflation index","executionId":"38","nodeType":"n8n-nodes-base.scheduleTrigger","nodeName":"Schedule Trigger"}}
{"__type":"$$EventMessageConfirm","confirm":"450d9e91-3cc0-44e8-8fd3-82f994b4b80a","ts":"2025-04-08T06:19:31.954-04:00","source":{"id":"0","name":"eventBus"}}
{"__type":"$$EventMessageNode","id":"6a1edcf9-53af-487e-ab56-71a4ff341a50","ts":"2025-04-08T06:19:31.965-04:00","eventName":"n8n.node.finished","message":"n8n.node.finished","payload":{"workflowId":"XDSnS0FnkfJQiaOI","workflowName":"Web | Appsheet - Scratch monthly inflation index","executionId":"38","nodeType":"n8n-nodes-base.scheduleTrigger","nodeName":"Schedule Trigger"}}
{"__type":"$$EventMessageConfirm","confirm":"6a1edcf9-53af-487e-ab56-71a4ff341a50","ts":"2025-04-08T06:19:31.965-04:00","source":{"id":"0","name":"eventBus"}}
{"__type":"$$EventMessageNode","id":"908d254a-af55-4298-94d5-d69227fde954","ts":"2025-04-08T06:19:31.968-04:00","eventName":"n8n.node.started","message":"n8n.node.started","payload":{"workflowId":"XDSnS0FnkfJQiaOI","workflowName":"Web | Appsheet - Scratch monthly inflation index","executionId":"38","nodeType":"n8n-nodes-base.httpRequest","nodeName":"HTTP Request"}}
{"__type":"$$EventMessageConfirm","confirm":"908d254a-af55-4298-94d5-d69227fde954","ts":"2025-04-08T06:19:31.968-04:00","source":{"id":"0","name":"eventBus"}}
{"__type":"$$EventMessageNode","id":"4f0e21c7-7de1-4fb6-8c36-2e16b9079f5a","ts":"2025-04-08T06:19:33.688-04:00","eventName":"n8n.node.finished","message":"n8n.node.finished","payload":{"workflowId":"XDSnS0FnkfJQiaOI","workflowName":"Web | Appsheet - Scratch monthly inflation index","executionId":"38","nodeType":"n8n-nodes-base.httpRequest","nodeName":"HTTP Request"}}
{"__type":"$$EventMessageConfirm","confirm":"4f0e21c7-7de1-4fb6-8c36-2e16b9079f5a","ts":"2025-04-08T06:19:33.689-04:00","source":{"id":"0","name":"eventBus"}}
{"__type":"$$EventMessageNode","id":"16e85230-0bf6-493a-974a-1817c8700c0d","ts":"2025-04-08T06:19:33.729-04:00","eventName":"n8n.node.started","message":"n8n.node.started","payload":{"workflowId":"XDSnS0FnkfJQiaOI","workflowName":"Web | Appsheet - Scratch monthly inflation index","executionId":"38","nodeType":"n8n-nodes-base.code","nodeName":"Code"}}
{"__type":"$$EventMessageConfirm","confirm":"16e85230-0bf6-493a-974a-1817c8700c0d","ts":"2025-04-08T06:19:33.729-04:00","source":{"id":"0","name":"eventBus"}}
{"__type":"$$EventMessageNode","id":"23b040ac-47b7-4b4f-874f-5b9353aa7555","ts":"2025-04-08T06:19:35.345-04:00","eventName":"n8n.node.finished","message":"n8n.node.finished","payload":{"workflowId":"XDSnS0FnkfJQiaOI","workflowName":"Web | Appsheet - Scratch monthly inflation index","executionId":"38","nodeType":"n8n-nodes-base.code","nodeName":"Code"}}
{"__type":"$$EventMessageConfirm","confirm":"23b040ac-47b7-4b4f-874f-5b9353aa7555","ts":"2025-04-08T06:19:35.345-04:00","source":{"id":"0","name":"eventBus"}}
{"__type":"$$EventMessageWorkflow","id":"d330ff01-9426-4a54-a1e8-a9ed57419592","ts":"2025-04-08T06:19:35.360-04:00","eventName":"n8n.workflow.success","message":"n8n.workflow.success","payload":{"executionId":"38","userId":"04b84be6-8f4b-4ad7-8d56-cd41e5aa5a87","success":true,"isManual":true,"workflowId":"XDSnS0FnkfJQiaOI","workflowName":"Web | Appsheet - Scratch monthly inflation index"}}
{"__type":"$$EventMessageConfirm","confirm":"d330ff01-9426-4a54-a1e8-a9ed57419592","ts":"2025-04-08T06:19:35.360-04:00","source":{"id":"0","name":"eventBus"}}
{"__type":"$$EventMessageAudit","id":"eda7fa7a-f882-4b91-96bb-f244b9ccaf28","ts":"2025-04-08T06:20:58.693-04:00","eventName":"n8n.audit.workflow.updated","message":"n8n.audit.workflow.updated","payload":{"userId":"04b84be6-8f4b-4ad7-8d56-cd41e5aa5a87","_email":"guillermo.carames@fleetsgo.com","_firstName":"Guillermo","_lastName":"Carames","globalRole":"global:owner","workflowId":"XDSnS0FnkfJQiaOI","workflowName":"Web | Appsheet - Scratch monthly inflation index"}}
{"__type":"$$EventMessageConfirm","confirm":"eda7fa7a-f882-4b91-96bb-f244b9ccaf28","ts":"2025-04-08T06:20:58.695-04:00","source":{"id":"0","name":"eventBus"}}
{"__type":"$$EventMessageAudit","id":"7d12b662-33ce-4f83-b986-dd5d6e5b7cbc","ts":"2025-04-08T06:27:54.235-04:00","eventName":"n8n.audit.workflow.updated","message":"n8n.audit.workflow.updated","payload":{"userId":"04b84be6-8f4b-4ad7-8d56-cd41e5aa5a87","_email":"guillermo.carames@fleetsgo.com","_firstName":"Guillermo","_lastName":"Carames","globalRole":"global:owner","workflowId":"XDSnS0FnkfJQiaOI","workflowName":"Web | Appsheet - Scratch monthly inflation index"}}
{"__type":"$$EventMessageConfirm","confirm":"7d12b662-33ce-4f83-b986-dd5d6e5b7cbc","ts":"2025-04-08T06:27:54.236-04:00","source":{"id":"0","name":"eventBus"}}
{"__type":"$$EventMessageAudit","id":"7f8963c4-2648-4aae-8986-3cff2b314f9b","ts":"2025-04-08T06:29:11.231-04:00","eventName":"n8n.audit.workflow.updated","message":"n8n.audit.workflow.updated","payload":{"userId":"04b84be6-8f4b-4ad7-8d56-cd41e5aa5a87","_email":"guillermo.carames@fleetsgo.com","_firstName":"Guillermo","_lastName":"Carames","globalRole":"global:owner","workflowId":"XDSnS0FnkfJQiaOI","workflowName":"Web | Appsheet - Scratch monthly inflation index"}}
{"__type":"$$EventMessageConfirm","confirm":"7f8963c4-2648-4aae-8986-3cff2b314f9b","ts":"2025-04-08T06:29:11.231-04:00","source":{"id":"0","name":"eventBus"}}
{"__type":"$$EventMessageWorkflow","id":"13b40928-2a7d-4273-8009-7bcc4e158413","ts":"2025-04-08T06:29:18.139-04:00","eventName":"n8n.workflow.started","message":"n8n.workflow.started","payload":{"executionId":"39","workflowId":"XDSnS0FnkfJQiaOI","isManual":false,"workflowName":"Web | Appsheet - Scratch monthly inflation index"}}
{"__type":"$$EventMessageConfirm","confirm":"13b40928-2a7d-4273-8009-7bcc4e158413","ts":"2025-04-08T06:29:18.139-04:00","source":{"id":"0","name":"eventBus"}}
{"__type":"$$EventMessageNode","id":"f498f080-c43b-4d4a-bbee-4cf65b9556a7","ts":"2025-04-08T06:29:18.142-04:00","eventName":"n8n.node.started","message":"n8n.node.started","payload":{"workflowId":"XDSnS0FnkfJQiaOI","workflowName":"Web | Appsheet - Scratch monthly inflation index","executionId":"39","nodeType":"n8n-nodes-base.scheduleTrigger","nodeName":"Schedule Trigger"}}
{"__type":"$$EventMessageConfirm","confirm":"f498f080-c43b-4d4a-bbee-4cf65b9556a7","ts":"2025-04-08T06:29:18.142-04:00","source":{"id":"0","name":"eventBus"}}
{"__type":"$$EventMessageNode","id":"330fb1b4-bc86-4a3a-b9da-bb646f66d097","ts":"2025-04-08T06:29:18.151-04:00","eventName":"n8n.node.finished","message":"n8n.node.finished","payload":{"workflowId":"XDSnS0FnkfJQiaOI","workflowName":"Web | Appsheet - Scratch monthly inflation index","executionId":"39","nodeType":"n8n-nodes-base.scheduleTrigger","nodeName":"Schedule Trigger"}}
{"__type":"$$EventMessageConfirm","confirm":"330fb1b4-bc86-4a3a-b9da-bb646f66d097","ts":"2025-04-08T06:29:18.151-04:00","source":{"id":"0","name":"eventBus"}}
{"__type":"$$EventMessageNode","id":"049d82b9-a982-493d-a23a-a7ec955e4c13","ts":"2025-04-08T06:29:18.152-04:00","eventName":"n8n.node.started","message":"n8n.node.started","payload":{"workflowId":"XDSnS0FnkfJQiaOI","workflowName":"Web | Appsheet - Scratch monthly inflation index","executionId":"39","nodeType":"n8n-nodes-base.httpRequest","nodeName":"HTTP Request"}}
{"__type":"$$EventMessageConfirm","confirm":"049d82b9-a982-493d-a23a-a7ec955e4c13","ts":"2025-04-08T06:29:18.152-04:00","source":{"id":"0","name":"eventBus"}}
{"__type":"$$EventMessageNode","id":"deb43591-2c6e-413c-96e9-38585ed2ff25","ts":"2025-04-08T06:29:19.433-04:00","eventName":"n8n.node.finished","message":"n8n.node.finished","payload":{"workflowId":"XDSnS0FnkfJQiaOI","workflowName":"Web | Appsheet - Scratch monthly inflation index","executionId":"39","nodeType":"n8n-nodes-base.httpRequest","nodeName":"HTTP Request"}}
{"__type":"$$EventMessageConfirm","confirm":"deb43591-2c6e-413c-96e9-38585ed2ff25","ts":"2025-04-08T06:29:19.433-04:00","source":{"id":"0","name":"eventBus"}}
{"__type":"$$EventMessageNode","id":"bd085a03-0b41-4e84-b6c2-b152a9c1d6cc","ts":"2025-04-08T06:29:19.535-04:00","eventName":"n8n.node.started","message":"n8n.node.started","payload":{"workflowId":"XDSnS0FnkfJQiaOI","workflowName":"Web | Appsheet - Scratch monthly inflation index","executionId":"39","nodeType":"n8n-nodes-base.code","nodeName":"Code"}}
{"__type":"$$EventMessageConfirm","confirm":"bd085a03-0b41-4e84-b6c2-b152a9c1d6cc","ts":"2025-04-08T06:29:19.542-04:00","source":{"id":"0","name":"eventBus"}}
{"__type":"$$EventMessageNode","id":"8af4671d-4e7d-48bc-925d-47a68bb2155f","ts":"2025-04-08T06:29:21.260-04:00","eventName":"n8n.node.finished","message":"n8n.node.finished","payload":{"workflowId":"XDSnS0FnkfJQiaOI","workflowName":"Web | Appsheet - Scratch monthly inflation index","executionId":"39","nodeType":"n8n-nodes-base.code","nodeName":"Code"}}
{"__type":"$$EventMessageConfirm","confirm":"8af4671d-4e7d-48bc-925d-47a68bb2155f","ts":"2025-04-08T06:29:21.261-04:00","source":{"id":"0","name":"eventBus"}}
{"__type":"$$EventMessageNode","id":"38924477-0639-49e7-9323-994d11ba9d1c","ts":"2025-04-08T06:29:21.261-04:00","eventName":"n8n.node.started","message":"n8n.node.started","payload":{"workflowId":"XDSnS0FnkfJQiaOI","workflowName":"Web | Appsheet - Scratch monthly inflation index","executionId":"39","nodeType":"n8n-nodes-base.httpRequest","nodeName":"HTTP Request1"}}
{"__type":"$$EventMessageConfirm","confirm":"38924477-0639-49e7-9323-994d11ba9d1c","ts":"2025-04-08T06:29:21.271-04:00","source":{"id":"0","name":"eventBus"}}
{"__type":"$$EventMessageNode","id":"df967624-c6c4-49f7-a810-03d906073096","ts":"2025-04-08T06:29:23.604-04:00","eventName":"n8n.node.finished","message":"n8n.node.finished","payload":{"workflowId":"XDSnS0FnkfJQiaOI","workflowName":"Web | Appsheet - Scratch monthly inflation index","executionId":"39","nodeType":"n8n-nodes-base.httpRequest","nodeName":"HTTP Request1"}}
{"__type":"$$EventMessageConfirm","confirm":"df967624-c6c4-49f7-a810-03d906073096","ts":"2025-04-08T06:29:23.604-04:00","source":{"id":"0","name":"eventBus"}}
{"__type":"$$EventMessageWorkflow","id":"31005059-95b6-49ea-ae6f-dce26cc6f42b","ts":"2025-04-08T06:29:23.608-04:00","eventName":"n8n.workflow.success","message":"n8n.workflow.success","payload":{"executionId":"39","userId":"04b84be6-8f4b-4ad7-8d56-cd41e5aa5a87","success":true,"isManual":true,"workflowId":"XDSnS0FnkfJQiaOI","workflowName":"Web | Appsheet - Scratch monthly inflation index"}}
{"__type":"$$EventMessageConfirm","confirm":"31005059-95b6-49ea-ae6f-dce26cc6f42b","ts":"2025-04-08T06:29:23.608-04:00","source":{"id":"0","name":"eventBus"}}
{"__type":"$$EventMessageAudit","id":"e72a7026-5d14-4b16-8298-2507b44e9659","ts":"2025-04-08T06:31:52.145-04:00","eventName":"n8n.audit.workflow.updated","message":"n8n.audit.workflow.updated","payload":{"userId":"04b84be6-8f4b-4ad7-8d56-cd41e5aa5a87","_email":"guillermo.carames@fleetsgo.com","_firstName":"Guillermo","_lastName":"Carames","globalRole":"global:owner","workflowId":"XDSnS0FnkfJQiaOI","workflowName":"Web | Appsheet - Scratch monthly inflation index"}}
{"__type":"$$EventMessageConfirm","confirm":"e72a7026-5d14-4b16-8298-2507b44e9659","ts":"2025-04-08T06:31:52.145-04:00","source":{"id":"0","name":"eventBus"}}
{"__type":"$$EventMessageAudit","id":"7526bc0f-e8ec-44d4-bb2f-1075fdce38e5","ts":"2025-04-08T06:35:37.083-04:00","eventName":"n8n.audit.workflow.updated","message":"n8n.audit.workflow.updated","payload":{"userId":"04b84be6-8f4b-4ad7-8d56-cd41e5aa5a87","_email":"guillermo.carames@fleetsgo.com","_firstName":"Guillermo","_lastName":"Carames","globalRole":"global:owner","workflowId":"XDSnS0FnkfJQiaOI","workflowName":"Web | Appsheet - Scratch monthly inflation index"}}
{"__type":"$$EventMessageConfirm","confirm":"7526bc0f-e8ec-44d4-bb2f-1075fdce38e5","ts":"2025-04-08T06:35:37.084-04:00","source":{"id":"0","name":"eventBus"}}
{"__type":"$$EventMessageWorkflow","id":"e7d7740c-aeb7-448e-aea1-6f75156390be","ts":"2025-04-08T06:35:52.277-04:00","eventName":"n8n.workflow.started","message":"n8n.workflow.started","payload":{"executionId":"40","workflowId":"XDSnS0FnkfJQiaOI","isManual":false,"workflowName":"Web | Appsheet - Scratch monthly inflation index"}}
{"__type":"$$EventMessageConfirm","confirm":"e7d7740c-aeb7-448e-aea1-6f75156390be","ts":"2025-04-08T06:35:52.277-04:00","source":{"id":"0","name":"eventBus"}}
{"__type":"$$EventMessageNode","id":"4ded7cab-b719-4d74-80b6-b14bc8ba2e97","ts":"2025-04-08T06:35:52.278-04:00","eventName":"n8n.node.started","message":"n8n.node.started","payload":{"workflowId":"XDSnS0FnkfJQiaOI","workflowName":"Web | Appsheet - Scratch monthly inflation index","executionId":"40","nodeType":"n8n-nodes-base.scheduleTrigger","nodeName":"Schedule Trigger"}}
{"__type":"$$EventMessageConfirm","confirm":"4ded7cab-b719-4d74-80b6-b14bc8ba2e97","ts":"2025-04-08T06:35:52.279-04:00","source":{"id":"0","name":"eventBus"}}
{"__type":"$$EventMessageNode","id":"ea2ddeb0-acc0-4369-a189-9bb4359f809e","ts":"2025-04-08T06:35:52.282-04:00","eventName":"n8n.node.finished","message":"n8n.node.finished","payload":{"workflowId":"XDSnS0FnkfJQiaOI","workflowName":"Web | Appsheet - Scratch monthly inflation index","executionId":"40","nodeType":"n8n-nodes-base.scheduleTrigger","nodeName":"Schedule Trigger"}}
{"__type":"$$EventMessageConfirm","confirm":"ea2ddeb0-acc0-4369-a189-9bb4359f809e","ts":"2025-04-08T06:35:52.282-04:00","source":{"id":"0","name":"eventBus"}}
{"__type":"$$EventMessageNode","id":"2767c54b-f6d9-4492-a22b-f302b2602e1e","ts":"2025-04-08T06:35:52.283-04:00","eventName":"n8n.node.started","message":"n8n.node.started","payload":{"workflowId":"XDSnS0FnkfJQiaOI","workflowName":"Web | Appsheet - Scratch monthly inflation index","executionId":"40","nodeType":"n8n-nodes-base.httpRequest","nodeName":"HTTP Request"}}
{"__type":"$$EventMessageConfirm","confirm":"2767c54b-f6d9-4492-a22b-f302b2602e1e","ts":"2025-04-08T06:35:52.283-04:00","source":{"id":"0","name":"eventBus"}}
{"__type":"$$EventMessageNode","id":"06e3e177-a5ea-4fa8-ba0f-5c829f6a7cd8","ts":"2025-04-08T06:35:53.680-04:00","eventName":"n8n.node.finished","message":"n8n.node.finished","payload":{"workflowId":"XDSnS0FnkfJQiaOI","workflowName":"Web | Appsheet - Scratch monthly inflation index","executionId":"40","nodeType":"n8n-nodes-base.httpRequest","nodeName":"HTTP Request"}}
{"__type":"$$EventMessageConfirm","confirm":"06e3e177-a5ea-4fa8-ba0f-5c829f6a7cd8","ts":"2025-04-08T06:35:53.680-04:00","source":{"id":"0","name":"eventBus"}}
{"__type":"$$EventMessageNode","id":"580522c2-3606-4e21-869f-f77ec3d9a543","ts":"2025-04-08T06:35:53.704-04:00","eventName":"n8n.node.started","message":"n8n.node.started","payload":{"workflowId":"XDSnS0FnkfJQiaOI","workflowName":"Web | Appsheet - Scratch monthly inflation index","executionId":"40","nodeType":"n8n-nodes-base.code","nodeName":"Code"}}
{"__type":"$$EventMessageConfirm","confirm":"580522c2-3606-4e21-869f-f77ec3d9a543","ts":"2025-04-08T06:35:53.704-04:00","source":{"id":"0","name":"eventBus"}}
{"__type":"$$EventMessageNode","id":"3b8fbe99-6f6d-4379-8b46-7acb44f24a74","ts":"2025-04-08T06:35:54.795-04:00","eventName":"n8n.node.finished","message":"n8n.node.finished","payload":{"workflowId":"XDSnS0FnkfJQiaOI","workflowName":"Web | Appsheet - Scratch monthly inflation index","executionId":"40","nodeType":"n8n-nodes-base.code","nodeName":"Code"}}
{"__type":"$$EventMessageConfirm","confirm":"3b8fbe99-6f6d-4379-8b46-7acb44f24a74","ts":"2025-04-08T06:35:54.795-04:00","source":{"id":"0","name":"eventBus"}}
{"__type":"$$EventMessageNode","id":"d5632cb2-dbb6-4732-8771-79e1e7e7f789","ts":"2025-04-08T06:35:54.796-04:00","eventName":"n8n.node.started","message":"n8n.node.started","payload":{"workflowId":"XDSnS0FnkfJQiaOI","workflowName":"Web | Appsheet - Scratch monthly inflation index","executionId":"40","nodeType":"n8n-nodes-base.httpRequest","nodeName":"HTTP Request1"}}
{"__type":"$$EventMessageConfirm","confirm":"d5632cb2-dbb6-4732-8771-79e1e7e7f789","ts":"2025-04-08T06:35:54.796-04:00","source":{"id":"0","name":"eventBus"}}
{"__type":"$$EventMessageNode","id":"25e3108a-a166-48e6-80ac-4c76ff22e64e","ts":"2025-04-08T06:35:55.439-04:00","eventName":"n8n.node.finished","message":"n8n.node.finished","payload":{"workflowId":"XDSnS0FnkfJQiaOI","workflowName":"Web | Appsheet - Scratch monthly inflation index","executionId":"40","nodeType":"n8n-nodes-base.httpRequest","nodeName":"HTTP Request1"}}
{"__type":"$$EventMessageConfirm","confirm":"25e3108a-a166-48e6-80ac-4c76ff22e64e","ts":"2025-04-08T06:35:55.440-04:00","source":{"id":"0","name":"eventBus"}}
{"__type":"$$EventMessageWorkflow","id":"2b0354ca-7a2b-48c6-8291-a686acd7516f","ts":"2025-04-08T06:35:55.442-04:00","eventName":"n8n.workflow.success","message":"n8n.workflow.success","payload":{"executionId":"40","userId":"04b84be6-8f4b-4ad7-8d56-cd41e5aa5a87","success":true,"isManual":true,"workflowId":"XDSnS0FnkfJQiaOI","workflowName":"Web | Appsheet - Scratch monthly inflation index"}}
{"__type":"$$EventMessageConfirm","confirm":"2b0354ca-7a2b-48c6-8291-a686acd7516f","ts":"2025-04-08T06:35:55.442-04:00","source":{"id":"0","name":"eventBus"}}
{"__type":"$$EventMessageAudit","id":"9b236e5b-5dd4-4111-9f7a-1d99c4ddb99f","ts":"2025-04-08T06:40:04.220-04:00","eventName":"n8n.audit.workflow.updated","message":"n8n.audit.workflow.updated","payload":{"userId":"04b84be6-8f4b-4ad7-8d56-cd41e5aa5a87","_email":"guillermo.carames@fleetsgo.com","_firstName":"Guillermo","_lastName":"Carames","globalRole":"global:owner","workflowId":"XDSnS0FnkfJQiaOI","workflowName":"Web | Appsheet - Scratch monthly inflation index"}}
{"__type":"$$EventMessageConfirm","confirm":"9b236e5b-5dd4-4111-9f7a-1d99c4ddb99f","ts":"2025-04-08T06:40:04.221-04:00","source":{"id":"0","name":"eventBus"}}
{"__type":"$$EventMessageAudit","id":"b82c6c23-61f7-40d3-a6db-3b753171306e","ts":"2025-04-08T06:42:29.995-04:00","eventName":"n8n.audit.workflow.updated","message":"n8n.audit.workflow.updated","payload":{"userId":"04b84be6-8f4b-4ad7-8d56-cd41e5aa5a87","_email":"guillermo.carames@fleetsgo.com","_firstName":"Guillermo","_lastName":"Carames","globalRole":"global:owner","workflowId":"KfWJi8mF2AFgmPLo","workflowName":"Todoist | Notion - Summary of relevant daily activity (maybe)"}}
{"__type":"$$EventMessageConfirm","confirm":"b82c6c23-61f7-40d3-a6db-3b753171306e","ts":"2025-04-08T06:42:29.995-04:00","source":{"id":"0","name":"eventBus"}}
{"__type":"$$EventMessageWorkflow","id":"ef318978-aa4f-4775-870c-5c3cd906c69b","ts":"2025-04-08T06:47:33.388-04:00","eventName":"n8n.workflow.started","message":"n8n.workflow.started","payload":{"executionId":"41","workflowId":"XDSnS0FnkfJQiaOI","isManual":false,"workflowName":"Web | Appsheet - Scratch monthly inflation index"}}
{"__type":"$$EventMessageConfirm","confirm":"ef318978-aa4f-4775-870c-5c3cd906c69b","ts":"2025-04-08T06:47:33.388-04:00","source":{"id":"0","name":"eventBus"}}
{"__type":"$$EventMessageNode","id":"07393ff7-03f4-4c9b-bde9-d12363aa2757","ts":"2025-04-08T06:47:33.389-04:00","eventName":"n8n.node.started","message":"n8n.node.started","payload":{"workflowId":"XDSnS0FnkfJQiaOI","workflowName":"Web | Appsheet - Scratch monthly inflation index","executionId":"41","nodeType":"n8n-nodes-base.scheduleTrigger","nodeName":"Schedule Trigger"}}
{"__type":"$$EventMessageConfirm","confirm":"07393ff7-03f4-4c9b-bde9-d12363aa2757","ts":"2025-04-08T06:47:33.389-04:00","source":{"id":"0","name":"eventBus"}}
{"__type":"$$EventMessageNode","id":"8ee02488-ede4-45cb-9ed3-ac67f376cb2c","ts":"2025-04-08T06:47:33.393-04:00","eventName":"n8n.node.finished","message":"n8n.node.finished","payload":{"workflowId":"XDSnS0FnkfJQiaOI","workflowName":"Web | Appsheet - Scratch monthly inflation index","executionId":"41","nodeType":"n8n-nodes-base.scheduleTrigger","nodeName":"Schedule Trigger"}}
{"__type":"$$EventMessageConfirm","confirm":"8ee02488-ede4-45cb-9ed3-ac67f376cb2c","ts":"2025-04-08T06:47:33.393-04:00","source":{"id":"0","name":"eventBus"}}
{"__type":"$$EventMessageNode","id":"10862d9d-dce9-4394-bf3e-77edc3066803","ts":"2025-04-08T06:47:33.393-04:00","eventName":"n8n.node.started","message":"n8n.node.started","payload":{"workflowId":"XDSnS0FnkfJQiaOI","workflowName":"Web | Appsheet - Scratch monthly inflation index","executionId":"41","nodeType":"n8n-nodes-base.httpRequest","nodeName":"HTTP Request"}}
{"__type":"$$EventMessageConfirm","confirm":"10862d9d-dce9-4394-bf3e-77edc3066803","ts":"2025-04-08T06:47:33.394-04:00","source":{"id":"0","name":"eventBus"}}
{"__type":"$$EventMessageNode","id":"c7c2100f-a8a4-4166-a204-56917163f659","ts":"2025-04-08T06:47:34.993-04:00","eventName":"n8n.node.finished","message":"n8n.node.finished","payload":{"workflowId":"XDSnS0FnkfJQiaOI","workflowName":"Web | Appsheet - Scratch monthly inflation index","executionId":"41","nodeType":"n8n-nodes-base.httpRequest","nodeName":"HTTP Request"}}
{"__type":"$$EventMessageConfirm","confirm":"c7c2100f-a8a4-4166-a204-56917163f659","ts":"2025-04-08T06:47:34.993-04:00","source":{"id":"0","name":"eventBus"}}
{"__type":"$$EventMessageNode","id":"9f80d52b-5d66-40e4-a3a3-d1eff3535bb5","ts":"2025-04-08T06:47:35.018-04:00","eventName":"n8n.node.started","message":"n8n.node.started","payload":{"workflowId":"XDSnS0FnkfJQiaOI","workflowName":"Web | Appsheet - Scratch monthly inflation index","executionId":"41","nodeType":"n8n-nodes-base.code","nodeName":"Code"}}
{"__type":"$$EventMessageConfirm","confirm":"9f80d52b-5d66-40e4-a3a3-d1eff3535bb5","ts":"2025-04-08T06:47:35.018-04:00","source":{"id":"0","name":"eventBus"}}
{"__type":"$$EventMessageNode","id":"739c6bcb-93e3-46a4-b286-a91425cf9fdf","ts":"2025-04-08T06:47:36.788-04:00","eventName":"n8n.node.finished","message":"n8n.node.finished","payload":{"workflowId":"XDSnS0FnkfJQiaOI","workflowName":"Web | Appsheet - Scratch monthly inflation index","executionId":"41","nodeType":"n8n-nodes-base.code","nodeName":"Code"}}
{"__type":"$$EventMessageConfirm","confirm":"739c6bcb-93e3-46a4-b286-a91425cf9fdf","ts":"2025-04-08T06:47:36.788-04:00","source":{"id":"0","name":"eventBus"}}
{"__type":"$$EventMessageNode","id":"35eb2941-8d85-4530-96ef-b730eca80851","ts":"2025-04-08T06:47:36.789-04:00","eventName":"n8n.node.started","message":"n8n.node.started","payload":{"workflowId":"XDSnS0FnkfJQiaOI","workflowName":"Web | Appsheet - Scratch monthly inflation index","executionId":"41","nodeType":"n8n-nodes-base.httpRequest","nodeName":"HTTP Request1"}}
{"__type":"$$EventMessageConfirm","confirm":"35eb2941-8d85-4530-96ef-b730eca80851","ts":"2025-04-08T06:47:36.789-04:00","source":{"id":"0","name":"eventBus"}}
{"__type":"$$EventMessageNode","id":"bf57aec3-696a-448d-b722-e63264fb371d","ts":"2025-04-08T06:47:37.655-04:00","eventName":"n8n.node.finished","message":"n8n.node.finished","payload":{"workflowId":"XDSnS0FnkfJQiaOI","workflowName":"Web | Appsheet - Scratch monthly inflation index","executionId":"41","nodeType":"n8n-nodes-base.httpRequest","nodeName":"HTTP Request1"}}
{"__type":"$$EventMessageConfirm","confirm":"bf57aec3-696a-448d-b722-e63264fb371d","ts":"2025-04-08T06:47:37.655-04:00","source":{"id":"0","name":"eventBus"}}
{"__type":"$$EventMessageWorkflow","id":"229bb5b1-29a4-4b91-bc90-259979935f32","ts":"2025-04-08T06:47:37.659-04:00","eventName":"n8n.workflow.success","message":"n8n.workflow.success","payload":{"executionId":"41","userId":"04b84be6-8f4b-4ad7-8d56-cd41e5aa5a87","success":true,"isManual":true,"workflowId":"XDSnS0FnkfJQiaOI","workflowName":"Web | Appsheet - Scratch monthly inflation index"}}
{"__type":"$$EventMessageConfirm","confirm":"229bb5b1-29a4-4b91-bc90-259979935f32","ts":"2025-04-08T06:47:37.659-04:00","source":{"id":"0","name":"eventBus"}}
